<?xml version="1.0" encoding="UTF-8"?>
<!-- Generated by org.testng.reporters.JUnitReportReporter -->
<testsuite hostname="Maniraaj" failures="0" tests="3" name="frameworkPractice.testingComponents.standaloneTest_changes" time="52.978" errors="0" timestamp="2024-02-04T22:37:29 EST" skipped="0">
  <testcase classname="frameworkPractice.testingComponents.standaloneTest_changes" name="standaloneTest_Changes" time="22.039"/>
  <testcase classname="frameworkPractice.testingComponents.standaloneTest_changes" name="standaloneTest_Changes" time="21.896"/>
  <testcase classname="frameworkPractice.testingComponents.standaloneTest_changes" name="OrderHistoryTest" time="9.043"/>
</testsuite> <!-- frameworkPractice.testingComponents.standaloneTest_changes -->
