<?xml version="1.0" encoding="UTF-8"?>
<!-- Generated by org.testng.reporters.JUnitReportReporter -->
<testsuite hostname="Maniraaj" failures="0" tests="1" name="frameworkPractice.testingComponents.ErrorValidations" time="8.547" errors="0" timestamp="2024-02-04T22:37:29 EST" skipped="0">
  <testcase classname="frameworkPractice.testingComponents.ErrorValidations" name="LoginErrorValidation" time="8.547"/>
</testsuite> <!-- frameworkPractice.testingComponents.ErrorValidations -->
