<?xml version="1.0" encoding="UTF-8"?>
<!-- Generated by org.testng.reporters.JUnitReportReporter -->
<testsuite hostname="Maniraaj" failures="0" tests="1" name="cucumber.TestNGTestRunner" time="21.316" errors="0" timestamp="2024-02-05T22:20:46 EST" skipped="0">
  <testcase classname="cucumber.TestNGTestRunner" name="runScenario" time="21.316"/>
</testsuite> <!-- cucumber.TestNGTestRunner -->
