<?xml version="1.0" encoding="UTF-8"?>
<!-- Generated by org.testng.reporters.JUnitReportReporter -->
<testsuite hostname="Maniraaj" failures="0" tests="3" name="frameworkPractice.Tests.standaloneTest_changes" time="46.325" errors="0" timestamp="2024-02-05T14:37:01 EST" skipped="0">
  <testcase classname="frameworkPractice.Tests.standaloneTest_changes" name="standaloneTest_Changes" time="12.078"/>
  <testcase classname="frameworkPractice.Tests.standaloneTest_changes" name="OrderHistoryTest" time="9.485"/>
  <testcase classname="frameworkPractice.Tests.standaloneTest_changes" name="standaloneTest_Changes" time="24.762"/>
</testsuite> <!-- frameworkPractice.Tests.standaloneTest_changes -->
