<?xml version="1.0" encoding="UTF-8"?>
<!-- Generated by org.testng.reporters.JUnitReportReporter -->
<testsuite hostname="Maniraaj" failures="0" tests="2" name="cucumber.TestNGTestRunner" time="29.015" errors="0" timestamp="2024-02-05T22:27:26 EST" skipped="0">
  <testcase classname="cucumber.TestNGTestRunner" name="runScenario" time="22.250"/>
  <testcase classname="cucumber.TestNGTestRunner" name="runScenario" time="6.765"/>
</testsuite> <!-- cucumber.TestNGTestRunner -->
